{"C:\\Users\\alexm\\Desktop\\Technologii Web\\TW26-Macovei-Alexandr\\functii.ts": {"path":"C:\\Users\\alexm\\Desktop\\Technologii Web\\TW26-Macovei-Alexandr\\functii.ts","statementMap":{"0":{"start":{"line":5,"column":8},"end":{"line":5,"column":11}},"1":{"start":{"line":2,"column":4},"end":{"line":2,"column":17}}},"fnMap":{"0":{"name":"add","decl":{"start":{"line":1,"column":9},"end":{"line":1,"column":12}},"loc":{"start":{"line":1,"column":33},"end":{"line":3,"column":1}}}},"branchMap":{},"s":{"0":1,"1":1},"f":{"0":1},"b":{}}
,"C:\\Users\\alexm\\Desktop\\Technologii Web\\TW26-Macovei-Alexandr\\validateCNP.ts": {"path":"C:\\Users\\alexm\\Desktop\\Technologii Web\\TW26-Macovei-Alexandr\\validateCNP.ts","statementMap":{"0":{"start":{"line":36,"column":9},"end":{"line":36,"column":20}},"1":{"start":{"line":1,"column":20},"end":{"line":1,"column":35}},"2":{"start":{"line":5,"column":30},"end":{"line":5,"column":55}},"3":{"start":{"line":6,"column":26},"end":{"line":6,"column":62}},"4":{"start":{"line":8,"column":4},"end":{"line":10,"column":5}},"5":{"start":{"line":9,"column":8},"end":{"line":9,"column":21}},"6":{"start":{"line":12,"column":4},"end":{"line":12,"column":47}},"7":{"start":{"line":12,"column":34},"end":{"line":12,"column":47}},"8":{"start":{"line":13,"column":23},"end":{"line":13,"column":24}},"9":{"start":{"line":15,"column":4},"end":{"line":17,"column":5}},"10":{"start":{"line":15,"column":17},"end":{"line":15,"column":18}},"11":{"start":{"line":16,"column":8},"end":{"line":16,"column":42}},"12":{"start":{"line":19,"column":23},"end":{"line":19,"column":32}},"13":{"start":{"line":22,"column":4},"end":{"line":26,"column":5}},"14":{"start":{"line":23,"column":8},"end":{"line":23,"column":29}},"15":{"start":{"line":25,"column":8},"end":{"line":25,"column":26}},"16":{"start":{"line":28,"column":4},"end":{"line":30,"column":5}},"17":{"start":{"line":29,"column":8},"end":{"line":29,"column":20}},"18":{"start":{"line":32,"column":4},"end":{"line":32,"column":17}}},"fnMap":{"0":{"name":"validateCNP","decl":{"start":{"line":3,"column":9},"end":{"line":3,"column":20}},"loc":{"start":{"line":3,"column":32},"end":{"line":33,"column":1}}}},"branchMap":{"0":{"loc":{"start":{"line":8,"column":4},"end":{"line":10,"column":5}},"type":"if","locations":[{"start":{"line":8,"column":4},"end":{"line":10,"column":5}},{"start":{},"end":{}}]},"1":{"loc":{"start":{"line":12,"column":4},"end":{"line":12,"column":47}},"type":"if","locations":[{"start":{"line":12,"column":4},"end":{"line":12,"column":47}},{"start":{},"end":{}}]},"2":{"loc":{"start":{"line":22,"column":4},"end":{"line":26,"column":5}},"type":"if","locations":[{"start":{"line":22,"column":4},"end":{"line":26,"column":5}},{"start":{"line":24,"column":11},"end":{"line":26,"column":5}}]},"3":{"loc":{"start":{"line":28,"column":4},"end":{"line":30,"column":5}},"type":"if","locations":[{"start":{"line":28,"column":4},"end":{"line":30,"column":5}},{"start":{},"end":{}}]}},"s":{"0":1,"1":1,"2":8,"3":8,"4":8,"5":3,"6":5,"7":2,"8":3,"9":3,"10":3,"11":36,"12":3,"13":3,"14":2,"15":1,"16":3,"17":1,"18":2},"f":{"0":8},"b":{"0":[3,5],"1":[2,3],"2":[2,1],"3":[1,2]}}
}
